
ROM used:   1512/8192 (18%)
            1512/8192 (18%) including unused fragments

            1.3 Average locations per line
            16.3 Average locations per statement

RAM used:   13/368 (4%) at main() level
            35/368 (10%) worst case

Stack used: 4 worst case (4 in main + 0 for interrupts)
Stack size: 8

Lines Stmts  %   Files
----- ----- ---  -----
   34     9  10  Task3.c
  674     0   0  D:\Program\PICC\Devices\16f877a.h
  456    84  90  D:\Program\PICC\Drivers\lcd.c
----- -----
 1164    93 Total

Page ROM  %  RAM    Vol Diff  Functions:
---- --- --- ---    --- ----  ----------
0     21   1    1             @delay_ms1
 Inline         3    596  5.9  lcd_read_byte
0      6   0    0     59  4.2  lcd_read_nibble
0     12   1    1    179  3.3  lcd_send_nibble
0     64   4    3    460  4.7  lcd_send_byte
0     62   4    6    814  7.2  lcd_init
0     18   1    4    208  6.3  lcd_gotoxy
0     44   3    1    354  4.7  lcd_putc
0    202  13    4    274  4.2  MAIN
0     31   2    2             @ITOF
0    117   8   13             @MULFF
0    202  13   14             @DIVFF
0    321  21   16             @ADDFF
0     14   1    0             @const649
0     89   6    5             @PSTRINGCN7_622
 Inline         5             @FTOSD
0     79   5   13             @DIV3232
0    226  15   13             @PRINTF_L32D_622FPFPF
 Inline         0             @cinit1

Program metrics:
    Functions               8
    Statements              93
    Comments                221
    Volume (V)              4482
    Difficulty (D)          38.3
    Effort to implement (E) 171853
    Time to implement (T)   2 hours, 39 minutes
    Est Delivered Bugs (B)  1
    Cyclomatic Complexity   8
    Maintainability (MI)    146

 Segment     Used  Free
-----------  ----  ----
00000-00003     4  0  
00004-007FF  1508  536  
00800-00FFF     0  2048  
01000-017FF     0  2048  
01800-01FFF     0  2048  



