
ROM used:   821/8192 (10%)
            821/8192 (10%) including unused fragments

            0.7 Average locations per line
            5.0 Average locations per statement

RAM used:   51/368 (14%) at main() level
            54/368 (15%) worst case

Stack used: 2 worst case (2 in main + 0 for interrupts)
Stack size: 8

Lines Stmts  %   Files
----- ----- ---  -----
   67    40  24  lcd2.c
  671     0   0  16F877A.h
  423   125  76  ..\..\..\..\Program Files (x86)\PICC\Drivers\string.h
   32     0   0  ..\..\..\..\Program Files (x86)\PICC\Drivers\stddef.h
   28     0   0  ..\..\..\..\Program Files (x86)\PICC\Drivers\ctype.h
----- -----
 1221   165 Total

Page ROM  %  RAM   Vol Diff  Functions:
---- --- --- ---   --- ----  ----------
0     70   9    5   231  6.6  strcmp
0     21   3    1             @delay_ms1
0    281  34    2  1133  5.3  MAIN
0     13   2    0             @const722
0     34   4    1             @PUTCHAR_1_
0      4   0    0             @const729
0     88  11    4             @PSTRINGC7_723
0     34   4    1             @PUTCHAR_2_
0     39   5    1             @GETCH_2_
0     15   2    0             @const736
0     88  11    4             @PSTRINGC7_731
0     34   4    1             @PUTCHAR_3_
0      5   1    0             @const743
0     86  10    4             @PSTRINGC7_738
0      5   1    0             @const746
 Inline         0             @cinit1

Program metrics:
    Functions               2
    Statements              165
    Comments                271
    Volume (V)              1561
    Difficulty (D)          10.5
    Effort to implement (E) 16462
    Time to implement (T)   15 minutes
    Est Delivered Bugs (B)  0
    Cyclomatic Complexity   4
    Maintainability (MI)    28

 Segment     Used  Free
-----------  ----  ----
00000-00003     4  0  
00004-007FF   817  1227  
00800-00FFF     0  2048  
01000-017FF     0  2048  
01800-01FFF     0  2048  



