
ROM used:   208/8192 (3%)
            208/8192 (3%) including unused fragments

            0.3 Average locations per line
            34.7 Average locations per statement

RAM used:   8/368 (2%) at main() level
            11/368 (3%) worst case

Stack used: 1 worst case (1 in main + 0 for interrupts)
Stack size: 8

Lines Stmts  %   Files
----- ----- ---  -----
   22     6 100  #1.c
  674     0   0  D:\Program\PICC\Devices\16f877a.h
----- -----
  696     6 Total

Page ROM  %  RAM    Vol Diff  Functions:
---- --- --- ---    --- ----  ----------
0     14   7    1             @delay_ms1
0     65  31    1    108  1.2  main
0     14   7    0     59  4.2  @const602
0     88  42    4    460  4.7  @PSTRINGC7_9600_62_63
0     14   7    0    814  7.2  @const607
0      9   4    0    208  6.3  @const608
 Inline         0    354  4.7  @cinit1

Program metrics:
    Functions               6
    Statements              6
    Comments                122
    Volume (V)              2856
    Difficulty (D)          27.0
    Effort to implement (E) 77222
    Time to implement (T)   1 hours, 12 minutes
    Est Delivered Bugs (B)  1
    Cyclomatic Complexity   8
    Maintainability (MI)    171

 Segment     Used  Free
-----------  ----  ----
00000-00003     4  0  
00004-007FF   204  1840  
00800-00FFF     0  2048  
01000-017FF     0  2048  
01800-01FFF     0  2048  



