
ROM used:   609/8192 (7%)
            609/8192 (7%) including unused fragments

            0.4 Average locations per line
            2.7 Average locations per statement

RAM used:   87/368 (24%) at main() level
            100/368 (27%) worst case

Stack used: 1 worst case (0 in main + 1 for interrupts)
Stack size: 8

Lines Stmts  %   Files
----- ----- ---  -----
   38    15   7  #2.c
  674     0   0  D:\Program\PICC\Devices\16f877a.h
  456    84  37  D:\Program\PICC\Drivers\lcd.c
  435   129  57  D:\Program\PICC\Drivers\string.h
   32     0   0  D:\Program\PICC\Drivers\stddef.h
   28     0   0  D:\Program\PICC\Drivers\ctype.h
----- -----
 1663   228 Total

Page ROM  %  RAM    Vol Diff  Functions:
---- --- --- ---    --- ----  ----------
0     14   2    1             @delay_ms1
 Inline         3    596  5.9  lcd_read_byte
0      6   1    0     59  4.2  lcd_read_nibble
0     14   2    1    179  3.3  lcd_send_nibble
0     79  13    3    460  4.7  lcd_send_byte
0     66  11    6    814  7.2  lcd_init
0     20   3    4    208  6.3  lcd_gotoxy
0     50   8    1    354  4.7  lcd_putc
 Inline         5    243  7.0  strcmp
0    119  20    1    236  3.0  RDA_ISR
0     10   2    0    136  2.0  @const735
0     80  13    4             @PSTRINGC7_622
0     13   2    0             @const740
0     49   8    2     80  1.8  MAIN
0      8   1    0             @const744
 Inline         0             @cinit1

Program metrics:
    Functions               11
    Statements              228
    Comments                365
    Volume (V)              5420
    Difficulty (D)          49.2
    Effort to implement (E) 266542
    Time to implement (T)   4 hours, 7 minutes
    Est Delivered Bugs (B)  1
    Cyclomatic Complexity   11
    Maintainability (MI)    113

 Segment     Used  Free
-----------  ----  ----
00000-00003     4  0  
00004-00050    77  0  
00051-007FF   528  1439  
00800-00FFF     0  2048  
01000-017FF     0  2048  
01800-01FFF     0  2048  



