Classic Timing Analyzer report for AR_CONTROL
Tue Aug 17 16:04:44 2021
Quartus II Version 9.1 Build 350 03/24/2010 Service Pack 2 SJ Web Edition


---------------------
; Table of Contents ;
---------------------
  1. Legal Notice
  2. Timing Analyzer Summary
  3. Timing Analyzer Settings
  4. Parallel Compilation
  5. tpd
  6. Timing Analyzer Messages



----------------
; Legal Notice ;
----------------
Copyright (C) 1991-2010 Altera Corporation
Your use of Altera Corporation's design tools, logic functions 
and other software and tools, and its AMPP partner logic 
functions, and any output files from any of the foregoing 
(including device programming or simulation files), and any 
associated documentation or information are expressly subject 
to the terms and conditions of the Altera Program License 
Subscription Agreement, Altera MegaCore Function License 
Agreement, or other applicable license agreement, including, 
without limitation, that your use is for the sole purpose of 
programming logic devices manufactured by Altera and sold by 
Altera or its authorized distributors.  Please refer to the 
applicable agreement for further details.



+--------------------------------------------------------------------------------------------------------------------------+
; Timing Analyzer Summary                                                                                                  ;
+------------------------------+-------+---------------+-------------+-------+------+------------+----------+--------------+
; Type                         ; Slack ; Required Time ; Actual Time ; From  ; To   ; From Clock ; To Clock ; Failed Paths ;
+------------------------------+-------+---------------+-------------+-------+------+------------+----------+--------------+
; Worst-case tpd               ; N/A   ; None          ; 7.880 ns    ; X[15] ; ICNR ; --         ; --       ; 0            ;
; Total number of failed paths ;       ;               ;             ;       ;      ;            ;          ; 0            ;
+------------------------------+-------+---------------+-------------+-------+------+------------+----------+--------------+


+-----------------------------------------------------------------------------------------------------------------------------------------------------+
; Timing Analyzer Settings                                                                                                                            ;
+------------------------------------------------------------------------------------------------------+--------------------+------+----+-------------+
; Option                                                                                               ; Setting            ; From ; To ; Entity Name ;
+------------------------------------------------------------------------------------------------------+--------------------+------+----+-------------+
; Device Name                                                                                          ; EP2S15F484C3       ;      ;    ;             ;
; Timing Models                                                                                        ; Final              ;      ;    ;             ;
; Default hold multicycle                                                                              ; Same as Multicycle ;      ;    ;             ;
; Cut paths between unrelated clock domains                                                            ; On                 ;      ;    ;             ;
; Cut off read during write signal paths                                                               ; On                 ;      ;    ;             ;
; Cut off feedback from I/O pins                                                                       ; On                 ;      ;    ;             ;
; Report Combined Fast/Slow Timing                                                                     ; Off                ;      ;    ;             ;
; Ignore Clock Settings                                                                                ; Off                ;      ;    ;             ;
; Analyze latches as synchronous elements                                                              ; On                 ;      ;    ;             ;
; Enable Recovery/Removal analysis                                                                     ; Off                ;      ;    ;             ;
; Enable Clock Latency                                                                                 ; Off                ;      ;    ;             ;
; Use TimeQuest Timing Analyzer                                                                        ; Off                ;      ;    ;             ;
; Number of source nodes to report per destination node                                                ; 10                 ;      ;    ;             ;
; Number of destination nodes to report                                                                ; 10                 ;      ;    ;             ;
; Number of paths to report                                                                            ; 200                ;      ;    ;             ;
; Report Minimum Timing Checks                                                                         ; Off                ;      ;    ;             ;
; Use Fast Timing Models                                                                               ; Off                ;      ;    ;             ;
; Report IO Paths Separately                                                                           ; Off                ;      ;    ;             ;
; Perform Multicorner Analysis                                                                         ; On                 ;      ;    ;             ;
; Reports the worst-case path for each clock domain and analysis                                       ; Off                ;      ;    ;             ;
; Reports worst-case timing paths for each clock domain and analysis                                   ; Off                ;      ;    ;             ;
; Specifies the maximum number of worst-case timing paths to report for each clock domain and analysis ; 100                ;      ;    ;             ;
; Removes common clock path pessimism (CCPP) during slack computation                                  ; Off                ;      ;    ;             ;
; Output I/O Timing Endpoint                                                                           ; Near End           ;      ;    ;             ;
+------------------------------------------------------------------------------------------------------+--------------------+------+----+-------------+


Parallel compilation was disabled, but you have multiple processors available. Enable parallel compilation to reduce compilation time.
+-------------------------------------+
; Parallel Compilation                ;
+----------------------------+--------+
; Processors                 ; Number ;
+----------------------------+--------+
; Number detected on machine ; 4      ;
; Maximum allowed            ; 1      ;
+----------------------------+--------+


+-------------------------------------------------------------+
; tpd                                                         ;
+-------+-------------------+-----------------+-------+-------+
; Slack ; Required P2P Time ; Actual P2P Time ; From  ; To    ;
+-------+-------------------+-----------------+-------+-------+
; N/A   ; None              ; 7.880 ns        ; X[15] ; ICNR  ;
; N/A   ; None              ; 7.660 ns        ; X[32] ; ICNR  ;
; N/A   ; None              ; 7.196 ns        ; X[33] ; LOAD  ;
; N/A   ; None              ; 7.194 ns        ; X[36] ; LOAD  ;
; N/A   ; None              ; 7.156 ns        ; X[7]  ; LOAD  ;
; N/A   ; None              ; 7.112 ns        ; X[20] ; LOAD  ;
; N/A   ; None              ; 6.600 ns        ; X[36] ; CLEAR ;
+-------+-------------------+-----------------+-------+-------+


+--------------------------+
; Timing Analyzer Messages ;
+--------------------------+
Info: *******************************************************************
Info: Running Quartus II Classic Timing Analyzer
    Info: Version 9.1 Build 350 03/24/2010 Service Pack 2 SJ Web Edition
    Info: Processing started: Tue Aug 17 16:04:44 2021
Info: Command: quartus_tan --read_settings_files=off --write_settings_files=off AR_CONTROL -c AR_CONTROL --timing_analysis_only
Info: Longest tpd from source pin "X[15]" to destination pin "ICNR" is 7.880 ns
    Info: 1: + IC(0.000 ns) + CELL(0.820 ns) = 0.820 ns; Loc. = PIN_G20; Fanout = 1; PIN Node = 'X[15]'
    Info: 2: + IC(4.018 ns) + CELL(0.357 ns) = 5.195 ns; Loc. = LCCOMB_X13_Y23_N0; Fanout = 1; COMB Node = 'ICNR~0'
    Info: 3: + IC(0.753 ns) + CELL(1.932 ns) = 7.880 ns; Loc. = PIN_H12; Fanout = 0; PIN Node = 'ICNR'
    Info: Total cell delay = 3.109 ns ( 39.45 % )
    Info: Total interconnect delay = 4.771 ns ( 60.55 % )
Info: Quartus II Classic Timing Analyzer was successful. 0 errors, 0 warnings
    Info: Peak virtual memory: 173 megabytes
    Info: Processing ended: Tue Aug 17 16:04:44 2021
    Info: Elapsed time: 00:00:00
    Info: Total CPU time (on all processors): 00:00:00


