CCS PCM C Compiler, Version 5.049, 5967               24-Oct-20 22:23

               Filename:   C:\Users\mohmmed\Desktop\Task2\Part1\PIC#1\#1.lst

               ROM used:   208 words (3%)
                           Largest free fragment is 2048
               RAM used:   8 (2%) at main() level
                           11 (3%) worst case
               Stack used: 1 locations
               Stack size: 8

*
0000:  MOVLW  00
0001:  MOVWF  0A
0002:  GOTO   08F
0003:  NOP
.................... #include<16f877a.h> 
.................... //////////// Standard Header file for the PIC16F877A device //////////////// 
.................... /////////////////////////////////////////////////////////////////////////// 
.................... ////        (C) Copyright 1996, 2014 Custom Computer Services          //// 
.................... //// This source code may only be used by licensed users of the CCS C  //// 
.................... //// compiler.  This source code may only be distributed to other      //// 
.................... //// licensed users of the CCS C compiler.  No other use, reproduction //// 
.................... //// or distribution is permitted without written permission.          //// 
.................... //// Derivative programs created using this software in object code    //// 
.................... //// form are not restricted in any way.                               //// 
.................... /////////////////////////////////////////////////////////////////////////// 
.................... #device PIC16F877A 
0004:  DATA C8,32
0005:  DATA 6C,36
0006:  DATA 6F,16
0007:  DATA A0,36
0008:  DATA 79,10
0009:  DATA EE,30
000A:  DATA ED,32
000B:  DATA A0,34
000C:  DATA 73,10
000D:  DATA CD,37
000E:  DATA E8,30
000F:  DATA ED,36
0010:  DATA 65,32
0011:  DATA 20,00
0012:  DATA 49,10
0013:  DATA 73,3A
0014:  DATA 75,32
0015:  DATA 79,10
0016:  DATA E3,37
0017:  DATA 6D,38
0018:  DATA 75,3A
0019:  DATA 65,39
001A:  DATA A0,22
001B:  DATA EE,33
001C:  DATA 69,37
001D:  DATA E5,32
001E:  DATA 72,10
001F:  DATA 00,01
0020:  DATA C9,13
0021:  DATA 6D,10
0022:  DATA B2,19
0023:  DATA A0,3C
0024:  DATA E5,30
0025:  DATA F2,39
0026:  DATA A0,37
0027:  DATA 6C,32
0028:  DATA 0D,00
0029:  MOVF   0B,W
002A:  MOVWF  22
002B:  BCF    0B.7
002C:  BSF    03.5
002D:  BSF    03.6
002E:  BSF    0C.7
002F:  BSF    0C.0
0030:  NOP
0031:  NOP
0032:  BCF    03.5
0033:  BCF    03.6
0034:  BTFSC  22.7
0035:  BSF    0B.7
0036:  BSF    03.6
0037:  MOVF   0C,W
0038:  ANDLW  7F
0039:  BTFSC  03.2
003A:  GOTO   07F
003B:  BCF    03.6
003C:  MOVWF  22
003D:  BSF    03.6
003E:  MOVF   0D,W
003F:  BCF    03.6
0040:  MOVWF  23
0041:  BSF    03.6
0042:  MOVF   0F,W
0043:  BCF    03.6
0044:  MOVWF  24
0045:  MOVF   22,W
0046:  BTFSS  0C.4
0047:  GOTO   046
0048:  MOVWF  19
0049:  MOVF   23,W
004A:  BSF    03.6
004B:  MOVWF  0D
004C:  BCF    03.6
004D:  MOVF   24,W
004E:  BSF    03.6
004F:  MOVWF  0F
0050:  BCF    03.6
0051:  MOVF   0B,W
0052:  MOVWF  25
0053:  BCF    0B.7
0054:  BSF    03.5
0055:  BSF    03.6
0056:  BSF    0C.7
0057:  BSF    0C.0
0058:  NOP
0059:  NOP
005A:  BCF    03.5
005B:  BCF    03.6
005C:  BTFSC  25.7
005D:  BSF    0B.7
005E:  BSF    03.6
005F:  RLF    0C,W
0060:  RLF    0E,W
0061:  ANDLW  7F
0062:  BTFSC  03.2
0063:  GOTO   07F
0064:  BCF    03.6
0065:  MOVWF  22
0066:  BSF    03.6
0067:  MOVF   0D,W
0068:  BCF    03.6
0069:  MOVWF  23
006A:  BSF    03.6
006B:  MOVF   0F,W
006C:  BCF    03.6
006D:  MOVWF  24
006E:  MOVF   22,W
006F:  BTFSS  0C.4
0070:  GOTO   06F
0071:  MOVWF  19
0072:  MOVF   23,W
0073:  BSF    03.6
0074:  MOVWF  0D
0075:  BCF    03.6
0076:  MOVF   24,W
0077:  BSF    03.6
0078:  MOVWF  0F
0079:  INCF   0D,F
007A:  BTFSC  03.2
007B:  INCF   0F,F
007C:  BCF    03.6
007D:  GOTO   029
007E:  BSF    03.6
007F:  BCF    03.6
0080:  RETURN
....................  
.................... #list 
....................  
.................... #fuses xt,nowdt 
.................... #use delay(clock = 2000000) 
0081:  MOVLW  23
0082:  MOVWF  04
0083:  BCF    03.7
0084:  MOVF   00,W
0085:  BTFSC  03.2
0086:  GOTO   08E
0087:  MOVLW  A5
0088:  MOVWF  77
0089:  DECFSZ 77,F
008A:  GOTO   089
008B:  NOP
008C:  DECFSZ 00,F
008D:  GOTO   087
008E:  RETURN
.................... #use rs232(baud=9600, xmit=PIN_C6, rcv=PIN_C7) 
....................  
....................  
.................... void main() 
008F:  MOVF   03,W
0090:  ANDLW  1F
0091:  MOVWF  03
0092:  MOVLW  0C
0093:  BSF    03.5
0094:  MOVWF  19
0095:  MOVLW  A6
0096:  MOVWF  18
0097:  MOVLW  90
0098:  BCF    03.5
0099:  MOVWF  18
009A:  CLRF   21
009B:  CLRF   20
009C:  BSF    03.5
009D:  BSF    1F.0
009E:  BSF    1F.1
009F:  BSF    1F.2
00A0:  BCF    1F.3
00A1:  MOVLW  07
00A2:  MOVWF  1C
00A3:  BCF    03.7
.................... { 
....................    
....................       printf("Hello, my name is Mohammed "); 
00A4:  MOVLW  04
00A5:  BCF    03.5
00A6:  BSF    03.6
00A7:  MOVWF  0D
00A8:  MOVLW  00
00A9:  MOVWF  0F
00AA:  BCF    03.6
00AB:  CALL   029
....................       delay_ms(1000); 
00AC:  MOVLW  04
00AD:  MOVWF  22
00AE:  MOVLW  FA
00AF:  MOVWF  23
00B0:  CALL   081
00B1:  DECFSZ 22,F
00B2:  GOTO   0AE
....................       printf("I study computer Engineer "); 
00B3:  MOVLW  12
00B4:  BSF    03.6
00B5:  MOVWF  0D
00B6:  MOVLW  00
00B7:  MOVWF  0F
00B8:  BCF    03.6
00B9:  CALL   029
....................       delay_ms(1000); 
00BA:  MOVLW  04
00BB:  MOVWF  22
00BC:  MOVLW  FA
00BD:  MOVWF  23
00BE:  CALL   081
00BF:  DECFSZ 22,F
00C0:  GOTO   0BC
....................       printf("I'm 23 years old\r"); 
00C1:  MOVLW  20
00C2:  BSF    03.6
00C3:  MOVWF  0D
00C4:  MOVLW  00
00C5:  MOVWF  0F
00C6:  BCF    03.6
00C7:  CALL   029
....................       delay_ms(1000); 
00C8:  MOVLW  04
00C9:  MOVWF  22
00CA:  MOVLW  FA
00CB:  MOVWF  23
00CC:  CALL   081
00CD:  DECFSZ 22,F
00CE:  GOTO   0CA
....................        
....................       //I deleted the whhile because it look better without it 
....................     
....................     
.................... } 
....................  
00CF:  SLEEP

Configuration Fuses:
   Word  1: 2F41   XT NOWDT PUT BROWNOUT NOLVP NOCPD NOWRT NODEBUG NOPROTECT
