
ROM used:   467/8192 (6%)
            467/8192 (6%) including unused fragments

            0.5 Average locations per line
            3.5 Average locations per statement

RAM used:   5/368 (1%) at main() level
            5/368 (1%) worst case

Stack used: 0 worst case (0 in main + 0 for interrupts)
Stack size: 8

Lines Stmts  %   Files
----- ----- ---  -----
  180   134 100  Task1Part2_Code.c
  674     0   0  ..\..\..\Program\PICC\Devices\16F877A.h
----- -----
  854   134 Total

Page ROM  %  RAM    Vol Diff  Functions:
---- --- --- ---    --- ----  ----------
0    463  99    0   5053  3.5  main
 Inline         0             @cinit1

Program metrics:
    Functions               1
    Statements              134
    Comments                121
    Volume (V)              5056
    Difficulty (D)          3.5
    Effort to implement (E) 17511
    Time to implement (T)   16 minutes
    Est Delivered Bugs (B)  0
    Cyclomatic Complexity   15
    Maintainability (MI)    -5

 Segment     Used  Free
-----------  ----  ----
00000-00003     4  0  
00004-007FF   463  1581  
00800-00FFF     0  2048  
01000-017FF     0  2048  
01800-01FFF     0  2048  



