
ROM used:   349/8192 (4%)
            349/8192 (4%) including unused fragments

            0.2 Average locations per line
            1.6 Average locations per statement

RAM used:   66/368 (18%) at main() level
            78/368 (21%) worst case

Stack used: 1 worst case (0 in main + 1 for interrupts)
Stack size: 8

Lines Stmts  %   Files
----- ----- ---  -----
   29     8   4  #2.c
  674     0   0  D:\Program\PICC\Devices\16f877a.h
  456    84  38  D:\Program\PICC\Drivers\lcd.c
  435   129  58  D:\Program\PICC\Drivers\string.h
   32     0   0  D:\Program\PICC\Drivers\stddef.h
   28     0   0  D:\Program\PICC\Drivers\ctype.h
----- -----
 1654   221 Total

Page ROM  %  RAM    Vol Diff  Functions:
---- --- --- ---    --- ----  ----------
0     14   4    1             @delay_ms1
 Inline         3    596  5.9  lcd_read_byte
0      6   2    0     59  4.2  lcd_read_nibble
0     12   3    1    179  3.3  lcd_send_nibble
0     63  18    3    460  4.7  lcd_send_byte
0     62  18    6    814  7.2  lcd_init
0     18   5    4    208  6.3  lcd_gotoxy
 Inline         1    354  4.7  lcd_putc
0     18   5    0     16  1.0  RDA_ISR
0     40  11    0    136  2.0  MAIN
0     67  19    2             @PSTRINGR_622
 Inline         0             @cinit1

Program metrics:
    Functions               9
    Statements              221
    Comments                365
    Volume (V)              4308
    Difficulty (D)          38.6
    Effort to implement (E) 166399
    Time to implement (T)   2 hours, 34 minutes
    Est Delivered Bugs (B)  1
    Cyclomatic Complexity   8
    Maintainability (MI)    66

 Segment     Used  Free
-----------  ----  ----
00000-00003     4  0  
00004-00030    45  0  
00031-007FF   300  1699  
00800-00FFF     0  2048  
01000-017FF     0  2048  
01800-01FFF     0  2048  



