
ROM used:   507/8192 (6%)
            507/8192 (6%) including unused fragments

            0.4 Average locations per line
            4.3 Average locations per statement

RAM used:   8/368 (2%) at main() level
            20/368 (5%) worst case

Stack used: 5 worst case (5 in main + 0 for interrupts)
Stack size: 8

Lines Stmts  %   Files
----- ----- ---  -----
   53    33  28  Task1_Code.c
  674     0   0  ..\..\..\Program\PICC\Devices\16F877A.h
  456    84  72  ..\..\..\Program\PICC\Drivers\lcd.c
----- -----
 1183   117 Total

Page ROM  %  RAM    Vol Diff  Functions:
---- --- --- ---    --- ----  ----------
0     14   3    1             @delay_ms1
 Inline         3    596  5.9  lcd_read_byte
0      6   1    0     59  4.2  lcd_read_nibble
0     12   2    1    179  3.3  lcd_send_nibble
0     63  12    3    460  4.7  lcd_send_byte
0     62  12    6    814  7.2  lcd_init
0     18   4    4    208  6.3  lcd_gotoxy
0     44   9    1    354  4.7  lcd_putc
0    152  30    1   1160  2.4  MAIN
0     15   3    0             @const637
0     86  17    4             @PSTRINGC7_622
0     16   3    0             @const642
0     15   3    0             @const643
 Inline         0             @cinit1

Program metrics:
    Functions               8
    Statements              117
    Comments                221
    Volume (V)              5661
    Difficulty (D)          36.2
    Effort to implement (E) 204864
    Time to implement (T)   3 hours, 10 minutes
    Est Delivered Bugs (B)  1
    Cyclomatic Complexity   8
    Maintainability (MI)    141

 Segment     Used  Free
-----------  ----  ----
00000-00003     4  0  
00004-007FF   503  1541  
00800-00FFF     0  2048  
01000-017FF     0  2048  
01800-01FFF     0  2048  



