Classic Timing Analyzer report for State
Sun Jul 18 16:27:28 2021
Quartus II Version 9.1 Build 350 03/24/2010 Service Pack 2 SJ Web Edition


---------------------
; Table of Contents ;
---------------------
  1. Legal Notice
  2. Timing Analyzer Summary
  3. Timing Analyzer Settings
  4. Clock Settings Summary
  5. Parallel Compilation
  6. Clock Setup: 'clk'
  7. tsu
  8. tco
  9. tpd
 10. th
 11. Timing Analyzer Messages



----------------
; Legal Notice ;
----------------
Copyright (C) 1991-2010 Altera Corporation
Your use of Altera Corporation's design tools, logic functions 
and other software and tools, and its AMPP partner logic 
functions, and any output files from any of the foregoing 
(including device programming or simulation files), and any 
associated documentation or information are expressly subject 
to the terms and conditions of the Altera Program License 
Subscription Agreement, Altera MegaCore Function License 
Agreement, or other applicable license agreement, including, 
without limitation, that your use is for the sole purpose of 
programming logic devices manufactured by Altera and sold by 
Altera or its authorized distributors.  Please refer to the 
applicable agreement for further details.



+----------------------------------------------------------------------------------------------------------------------------------------------------------------------------------+
; Timing Analyzer Summary                                                                                                                                                          ;
+------------------------------+-------+---------------+------------------------------------------------+-----------------+-----------------+------------+----------+--------------+
; Type                         ; Slack ; Required Time ; Actual Time                                    ; From            ; To              ; From Clock ; To Clock ; Failed Paths ;
+------------------------------+-------+---------------+------------------------------------------------+-----------------+-----------------+------------+----------+--------------+
; Worst-case tsu               ; N/A   ; None          ; 3.760 ns                                       ; rest            ; output[0]~reg0  ; --         ; clk      ; 0            ;
; Worst-case tco               ; N/A   ; None          ; 6.669 ns                                       ; output[0]~reg0  ; output[0]       ; clk        ; --       ; 0            ;
; Worst-case tpd               ; N/A   ; None          ; 6.703 ns                                       ; input           ; output[1]       ; --         ; --       ; 0            ;
; Worst-case th                ; N/A   ; None          ; -3.113 ns                                      ; input           ; currentstate.s3 ; --         ; clk      ; 0            ;
; Clock Setup: 'clk'           ; N/A   ; None          ; Restricted to 500.00 MHz ( period = 2.000 ns ) ; currentstate.s0 ; output[0]~reg0  ; clk        ; clk      ; 0            ;
; Total number of failed paths ;       ;               ;                                                ;                 ;                 ;            ;          ; 0            ;
+------------------------------+-------+---------------+------------------------------------------------+-----------------+-----------------+------------+----------+--------------+


+-----------------------------------------------------------------------------------------------------------------------------------------------------+
; Timing Analyzer Settings                                                                                                                            ;
+------------------------------------------------------------------------------------------------------+--------------------+------+----+-------------+
; Option                                                                                               ; Setting            ; From ; To ; Entity Name ;
+------------------------------------------------------------------------------------------------------+--------------------+------+----+-------------+
; Device Name                                                                                          ; EP2S15F484C3       ;      ;    ;             ;
; Timing Models                                                                                        ; Final              ;      ;    ;             ;
; Default hold multicycle                                                                              ; Same as Multicycle ;      ;    ;             ;
; Cut paths between unrelated clock domains                                                            ; On                 ;      ;    ;             ;
; Cut off read during write signal paths                                                               ; On                 ;      ;    ;             ;
; Cut off feedback from I/O pins                                                                       ; On                 ;      ;    ;             ;
; Report Combined Fast/Slow Timing                                                                     ; Off                ;      ;    ;             ;
; Ignore Clock Settings                                                                                ; Off                ;      ;    ;             ;
; Analyze latches as synchronous elements                                                              ; On                 ;      ;    ;             ;
; Enable Recovery/Removal analysis                                                                     ; Off                ;      ;    ;             ;
; Enable Clock Latency                                                                                 ; Off                ;      ;    ;             ;
; Use TimeQuest Timing Analyzer                                                                        ; Off                ;      ;    ;             ;
; Number of source nodes to report per destination node                                                ; 10                 ;      ;    ;             ;
; Number of destination nodes to report                                                                ; 10                 ;      ;    ;             ;
; Number of paths to report                                                                            ; 200                ;      ;    ;             ;
; Report Minimum Timing Checks                                                                         ; Off                ;      ;    ;             ;
; Use Fast Timing Models                                                                               ; Off                ;      ;    ;             ;
; Report IO Paths Separately                                                                           ; Off                ;      ;    ;             ;
; Perform Multicorner Analysis                                                                         ; On                 ;      ;    ;             ;
; Reports the worst-case path for each clock domain and analysis                                       ; Off                ;      ;    ;             ;
; Reports worst-case timing paths for each clock domain and analysis                                   ; Off                ;      ;    ;             ;
; Specifies the maximum number of worst-case timing paths to report for each clock domain and analysis ; 100                ;      ;    ;             ;
; Removes common clock path pessimism (CCPP) during slack computation                                  ; Off                ;      ;    ;             ;
; Output I/O Timing Endpoint                                                                           ; Near End           ;      ;    ;             ;
+------------------------------------------------------------------------------------------------------+--------------------+------+----+-------------+


+------------------------------------------------------------------------------------------------------------------------------------------------------------------------------------+
; Clock Settings Summary                                                                                                                                                             ;
+-----------------+--------------------+----------+------------------+---------------+--------------+----------+-----------------------+---------------------+--------+--------------+
; Clock Node Name ; Clock Setting Name ; Type     ; Fmax Requirement ; Early Latency ; Late Latency ; Based on ; Multiply Base Fmax by ; Divide Base Fmax by ; Offset ; Phase offset ;
+-----------------+--------------------+----------+------------------+---------------+--------------+----------+-----------------------+---------------------+--------+--------------+
; clk             ;                    ; User Pin ; None             ; 0.000 ns      ; 0.000 ns     ; --       ; N/A                   ; N/A                 ; N/A    ;              ;
+-----------------+--------------------+----------+------------------+---------------+--------------+----------+-----------------------+---------------------+--------+--------------+


Parallel compilation was disabled, but you have multiple processors available. Enable parallel compilation to reduce compilation time.
+-------------------------------------+
; Parallel Compilation                ;
+----------------------------+--------+
; Processors                 ; Number ;
+----------------------------+--------+
; Number detected on machine ; 4      ;
; Maximum allowed            ; 1      ;
+----------------------------+--------+


+--------------------------------------------------------------------------------------------------------------------------------------------------------------------------------------------------------+
; Clock Setup: 'clk'                                                                                                                                                                                     ;
+-------+------------------------------------------------+-----------------+-----------------+------------+----------+-----------------------------+---------------------------+-------------------------+
; Slack ; Actual fmax (period)                           ; From            ; To              ; From Clock ; To Clock ; Required Setup Relationship ; Required Longest P2P Time ; Actual Longest P2P Time ;
+-------+------------------------------------------------+-----------------+-----------------+------------+----------+-----------------------------+---------------------------+-------------------------+
; N/A   ; Restricted to 500.00 MHz ( period = 2.000 ns ) ; currentstate.s0 ; output[0]~reg0  ; clk        ; clk      ; None                        ; None                      ; 0.822 ns                ;
; N/A   ; Restricted to 500.00 MHz ( period = 2.000 ns ) ; currentstate.s1 ; output[0]~reg0  ; clk        ; clk      ; None                        ; None                      ; 0.764 ns                ;
; N/A   ; Restricted to 500.00 MHz ( period = 2.000 ns ) ; currentstate.s3 ; output[0]~reg0  ; clk        ; clk      ; None                        ; None                      ; 0.679 ns                ;
; N/A   ; Restricted to 500.00 MHz ( period = 2.000 ns ) ; currentstate.s1 ; currentstate.s2 ; clk        ; clk      ; None                        ; None                      ; 0.532 ns                ;
; N/A   ; Restricted to 500.00 MHz ( period = 2.000 ns ) ; currentstate.s2 ; output[0]~reg0  ; clk        ; clk      ; None                        ; None                      ; 0.508 ns                ;
; N/A   ; Restricted to 500.00 MHz ( period = 2.000 ns ) ; currentstate.s2 ; currentstate.s3 ; clk        ; clk      ; None                        ; None                      ; 0.504 ns                ;
; N/A   ; Restricted to 500.00 MHz ( period = 2.000 ns ) ; currentstate.s3 ; currentstate.s3 ; clk        ; clk      ; None                        ; None                      ; 0.488 ns                ;
; N/A   ; Restricted to 500.00 MHz ( period = 2.000 ns ) ; currentstate.s0 ; currentstate.s1 ; clk        ; clk      ; None                        ; None                      ; 0.434 ns                ;
; N/A   ; Restricted to 500.00 MHz ( period = 2.000 ns ) ; currentstate.s3 ; currentstate.s0 ; clk        ; clk      ; None                        ; None                      ; 0.416 ns                ;
; N/A   ; Restricted to 500.00 MHz ( period = 2.000 ns ) ; output[0]~reg0  ; output[0]~reg0  ; clk        ; clk      ; None                        ; None                      ; 0.396 ns                ;
; N/A   ; Restricted to 500.00 MHz ( period = 2.000 ns ) ; currentstate.s0 ; currentstate.s0 ; clk        ; clk      ; None                        ; None                      ; 0.396 ns                ;
+-------+------------------------------------------------+-----------------+-----------------+------------+----------+-----------------------------+---------------------------+-------------------------+


+------------------------------------------------------------------------+
; tsu                                                                    ;
+-------+--------------+------------+-------+-----------------+----------+
; Slack ; Required tsu ; Actual tsu ; From  ; To              ; To Clock ;
+-------+--------------+------------+-------+-----------------+----------+
; N/A   ; None         ; 3.760 ns   ; rest  ; output[0]~reg0  ; clk      ;
; N/A   ; None         ; 3.674 ns   ; input ; currentstate.s1 ; clk      ;
; N/A   ; None         ; 3.674 ns   ; input ; currentstate.s2 ; clk      ;
; N/A   ; None         ; 3.395 ns   ; input ; currentstate.s0 ; clk      ;
; N/A   ; None         ; 3.352 ns   ; input ; currentstate.s3 ; clk      ;
+-------+--------------+------------+-------+-----------------+----------+


+------------------------------------------------------------------------------+
; tco                                                                          ;
+-------+--------------+------------+-----------------+-----------+------------+
; Slack ; Required tco ; Actual tco ; From            ; To        ; From Clock ;
+-------+--------------+------------+-----------------+-----------+------------+
; N/A   ; None         ; 6.669 ns   ; output[0]~reg0  ; output[0] ; clk        ;
; N/A   ; None         ; 5.865 ns   ; currentstate.s0 ; y[0]      ; clk        ;
; N/A   ; None         ; 5.727 ns   ; currentstate.s0 ; y[1]      ; clk        ;
; N/A   ; None         ; 5.432 ns   ; currentstate.s1 ; y[1]      ; clk        ;
; N/A   ; None         ; 5.393 ns   ; currentstate.s2 ; y[0]      ; clk        ;
+-------+--------------+------------+-----------------+-----------+------------+


+-----------------------------------------------------------------+
; tpd                                                             ;
+-------+-------------------+-----------------+-------+-----------+
; Slack ; Required P2P Time ; Actual P2P Time ; From  ; To        ;
+-------+-------------------+-----------------+-------+-----------+
; N/A   ; None              ; 6.703 ns        ; input ; output[1] ;
+-------+-------------------+-----------------+-------+-----------+


+------------------------------------------------------------------------------+
; th                                                                           ;
+---------------+-------------+-----------+-------+-----------------+----------+
; Minimum Slack ; Required th ; Actual th ; From  ; To              ; To Clock ;
+---------------+-------------+-----------+-------+-----------------+----------+
; N/A           ; None        ; -3.113 ns ; input ; currentstate.s3 ; clk      ;
; N/A           ; None        ; -3.156 ns ; input ; currentstate.s0 ; clk      ;
; N/A           ; None        ; -3.435 ns ; input ; currentstate.s1 ; clk      ;
; N/A           ; None        ; -3.435 ns ; input ; currentstate.s2 ; clk      ;
; N/A           ; None        ; -3.521 ns ; rest  ; output[0]~reg0  ; clk      ;
+---------------+-------------+-----------+-------+-----------------+----------+


+--------------------------+
; Timing Analyzer Messages ;
+--------------------------+
Info: *******************************************************************
Info: Running Quartus II Classic Timing Analyzer
    Info: Version 9.1 Build 350 03/24/2010 Service Pack 2 SJ Web Edition
    Info: Processing started: Sun Jul 18 16:27:28 2021
Info: Command: quartus_tan --read_settings_files=off --write_settings_files=off State -c State --timing_analysis_only
Warning: Found pins functioning as undefined clocks and/or memory enables
    Info: Assuming node "clk" is an undefined clock
Info: Clock "clk" Internal fmax is restricted to 500.0 MHz between source register "currentstate.s0" and destination register "output[0]~reg0"
    Info: fmax restricted to clock pin edge rate 2.0 ns. Expand message to see actual delay path.
        Info: + Longest register to register delay is 0.822 ns
            Info: 1: + IC(0.000 ns) + CELL(0.000 ns) = 0.000 ns; Loc. = LCFF_X6_Y4_N21; Fanout = 5; REG Node = 'currentstate.s0'
            Info: 2: + IC(0.289 ns) + CELL(0.378 ns) = 0.667 ns; Loc. = LCCOMB_X6_Y4_N2; Fanout = 1; COMB Node = 'output[0]~1'
            Info: 3: + IC(0.000 ns) + CELL(0.155 ns) = 0.822 ns; Loc. = LCFF_X6_Y4_N3; Fanout = 2; REG Node = 'output[0]~reg0'
            Info: Total cell delay = 0.533 ns ( 64.84 % )
            Info: Total interconnect delay = 0.289 ns ( 35.16 % )
        Info: - Smallest clock skew is 0.000 ns
            Info: + Shortest clock path from clock "clk" to destination register is 2.484 ns
                Info: 1: + IC(0.000 ns) + CELL(0.854 ns) = 0.854 ns; Loc. = PIN_N20; Fanout = 1; CLK Node = 'clk'
                Info: 2: + IC(0.343 ns) + CELL(0.000 ns) = 1.197 ns; Loc. = CLKCTRL_G3; Fanout = 5; COMB Node = 'clk~clkctrl'
                Info: 3: + IC(0.669 ns) + CELL(0.618 ns) = 2.484 ns; Loc. = LCFF_X6_Y4_N3; Fanout = 2; REG Node = 'output[0]~reg0'
                Info: Total cell delay = 1.472 ns ( 59.26 % )
                Info: Total interconnect delay = 1.012 ns ( 40.74 % )
            Info: - Longest clock path from clock "clk" to source register is 2.484 ns
                Info: 1: + IC(0.000 ns) + CELL(0.854 ns) = 0.854 ns; Loc. = PIN_N20; Fanout = 1; CLK Node = 'clk'
                Info: 2: + IC(0.343 ns) + CELL(0.000 ns) = 1.197 ns; Loc. = CLKCTRL_G3; Fanout = 5; COMB Node = 'clk~clkctrl'
                Info: 3: + IC(0.669 ns) + CELL(0.618 ns) = 2.484 ns; Loc. = LCFF_X6_Y4_N21; Fanout = 5; REG Node = 'currentstate.s0'
                Info: Total cell delay = 1.472 ns ( 59.26 % )
                Info: Total interconnect delay = 1.012 ns ( 40.74 % )
        Info: + Micro clock to output delay of source is 0.094 ns
        Info: + Micro setup delay of destination is 0.090 ns
Info: tsu for register "output[0]~reg0" (data pin = "rest", clock pin = "clk") is 3.760 ns
    Info: + Longest pin to register delay is 6.154 ns
        Info: 1: + IC(0.000 ns) + CELL(0.864 ns) = 0.864 ns; Loc. = PIN_M21; Fanout = 2; PIN Node = 'rest'
        Info: 2: + IC(4.778 ns) + CELL(0.357 ns) = 5.999 ns; Loc. = LCCOMB_X6_Y4_N2; Fanout = 1; COMB Node = 'output[0]~1'
        Info: 3: + IC(0.000 ns) + CELL(0.155 ns) = 6.154 ns; Loc. = LCFF_X6_Y4_N3; Fanout = 2; REG Node = 'output[0]~reg0'
        Info: Total cell delay = 1.376 ns ( 22.36 % )
        Info: Total interconnect delay = 4.778 ns ( 77.64 % )
    Info: + Micro setup delay of destination is 0.090 ns
    Info: - Shortest clock path from clock "clk" to destination register is 2.484 ns
        Info: 1: + IC(0.000 ns) + CELL(0.854 ns) = 0.854 ns; Loc. = PIN_N20; Fanout = 1; CLK Node = 'clk'
        Info: 2: + IC(0.343 ns) + CELL(0.000 ns) = 1.197 ns; Loc. = CLKCTRL_G3; Fanout = 5; COMB Node = 'clk~clkctrl'
        Info: 3: + IC(0.669 ns) + CELL(0.618 ns) = 2.484 ns; Loc. = LCFF_X6_Y4_N3; Fanout = 2; REG Node = 'output[0]~reg0'
        Info: Total cell delay = 1.472 ns ( 59.26 % )
        Info: Total interconnect delay = 1.012 ns ( 40.74 % )
Info: tco from clock "clk" to destination pin "output[0]" through register "output[0]~reg0" is 6.669 ns
    Info: + Longest clock path from clock "clk" to source register is 2.484 ns
        Info: 1: + IC(0.000 ns) + CELL(0.854 ns) = 0.854 ns; Loc. = PIN_N20; Fanout = 1; CLK Node = 'clk'
        Info: 2: + IC(0.343 ns) + CELL(0.000 ns) = 1.197 ns; Loc. = CLKCTRL_G3; Fanout = 5; COMB Node = 'clk~clkctrl'
        Info: 3: + IC(0.669 ns) + CELL(0.618 ns) = 2.484 ns; Loc. = LCFF_X6_Y4_N3; Fanout = 2; REG Node = 'output[0]~reg0'
        Info: Total cell delay = 1.472 ns ( 59.26 % )
        Info: Total interconnect delay = 1.012 ns ( 40.74 % )
    Info: + Micro clock to output delay of source is 0.094 ns
    Info: + Longest register to pin delay is 4.091 ns
        Info: 1: + IC(0.000 ns) + CELL(0.000 ns) = 0.000 ns; Loc. = LCFF_X6_Y4_N3; Fanout = 2; REG Node = 'output[0]~reg0'
        Info: 2: + IC(1.957 ns) + CELL(2.134 ns) = 4.091 ns; Loc. = PIN_T4; Fanout = 0; PIN Node = 'output[0]'
        Info: Total cell delay = 2.134 ns ( 52.16 % )
        Info: Total interconnect delay = 1.957 ns ( 47.84 % )
Info: Longest tpd from source pin "input" to destination pin "output[1]" is 6.703 ns
    Info: 1: + IC(0.000 ns) + CELL(0.827 ns) = 0.827 ns; Loc. = PIN_E14; Fanout = 5; PIN Node = 'input'
    Info: 2: + IC(3.924 ns) + CELL(1.952 ns) = 6.703 ns; Loc. = PIN_F16; Fanout = 0; PIN Node = 'output[1]'
    Info: Total cell delay = 2.779 ns ( 41.46 % )
    Info: Total interconnect delay = 3.924 ns ( 58.54 % )
Info: th for register "currentstate.s3" (data pin = "input", clock pin = "clk") is -3.113 ns
    Info: + Longest clock path from clock "clk" to destination register is 2.484 ns
        Info: 1: + IC(0.000 ns) + CELL(0.854 ns) = 0.854 ns; Loc. = PIN_N20; Fanout = 1; CLK Node = 'clk'
        Info: 2: + IC(0.343 ns) + CELL(0.000 ns) = 1.197 ns; Loc. = CLKCTRL_G3; Fanout = 5; COMB Node = 'clk~clkctrl'
        Info: 3: + IC(0.669 ns) + CELL(0.618 ns) = 2.484 ns; Loc. = LCFF_X6_Y4_N17; Fanout = 3; REG Node = 'currentstate.s3'
        Info: Total cell delay = 1.472 ns ( 59.26 % )
        Info: Total interconnect delay = 1.012 ns ( 40.74 % )
    Info: + Micro hold delay of destination is 0.149 ns
    Info: - Shortest pin to register delay is 5.746 ns
        Info: 1: + IC(0.000 ns) + CELL(0.827 ns) = 0.827 ns; Loc. = PIN_E14; Fanout = 5; PIN Node = 'input'
        Info: 2: + IC(4.536 ns) + CELL(0.228 ns) = 5.591 ns; Loc. = LCCOMB_X6_Y4_N16; Fanout = 1; COMB Node = 'currentstate~13'
        Info: 3: + IC(0.000 ns) + CELL(0.155 ns) = 5.746 ns; Loc. = LCFF_X6_Y4_N17; Fanout = 3; REG Node = 'currentstate.s3'
        Info: Total cell delay = 1.210 ns ( 21.06 % )
        Info: Total interconnect delay = 4.536 ns ( 78.94 % )
Info: Quartus II Classic Timing Analyzer was successful. 0 errors, 1 warning
    Info: Peak virtual memory: 172 megabytes
    Info: Processing ended: Sun Jul 18 16:27:28 2021
    Info: Elapsed time: 00:00:00
    Info: Total CPU time (on all processors): 00:00:00


