
ROM used:   126/8192 (2%)
            126/8192 (2%) including unused fragments

            0.1 Average locations per line
            0.9 Average locations per statement

RAM used:   66/368 (18%) at main() level
            68/368 (18%) worst case

Stack used: 0 worst case (0 in main + 0 for interrupts)
Stack size: 8

Lines Stmts  %   Files
----- ----- ---  -----
   22     6   4  #1.c
  674     0   0  D:\Program\PICC\Devices\16f877a.h
  435   129  96  D:\Program\PICC\Drivers\string.h
   32     0   0  D:\Program\PICC\Drivers\stddef.h
   28     0   0  D:\Program\PICC\Drivers\ctype.h
----- -----
 1191   135 Total

Page ROM  %  RAM    Vol Diff  Functions:
---- --- --- ---    --- ----  ----------
0     47  37    0     42  1.4  RDA_ISR
 Inline         2    140  5.0  @PSTRINGR_9600_62_63
0     30  24    0     48  1.4  MAIN
 Inline         0    450  8.2  @cinit1

Program metrics:
    Functions               4
    Statements              135
    Comments                265
    Volume (V)              900
    Difficulty (D)          16.0
    Effort to implement (E) 14372
    Time to implement (T)   13 minutes
    Est Delivered Bugs (B)  0
    Cyclomatic Complexity   3
    Maintainability (MI)    88

 Segment     Used  Free
-----------  ----  ----
00000-00003     4  0  
00004-00030    45  0  
00031-007FF    77  1922  
00800-00FFF     0  2048  
01000-017FF     0  2048  
01800-01FFF     0  2048  



