
ROM used:   258/8192 (3%)
            258/8192 (3%) including unused fragments

            0.2 Average locations per line
            1.9 Average locations per statement

RAM used:   66/368 (18%) at main() level
            69/368 (19%) worst case

Stack used: 0 worst case (0 in main + 0 for interrupts)
Stack size: 8

Lines Stmts  %   Files
----- ----- ---  -----
   30     9   7  1#.c
  674     0   0  D:\Program\PICC\Devices\16f877a.h
  435   129  93  D:\Program\PICC\Drivers\string.h
   32     0   0  D:\Program\PICC\Drivers\stddef.h
   28     0   0  D:\Program\PICC\Drivers\ctype.h
----- -----
 1199   138 Total

Page ROM  %  RAM    Vol Diff  Functions:
---- --- --- ---    --- ----  ----------
0     34  13    1             @PUTCHAR_2_
 Inline         1             @GETCH_2_
0     48  19    0     59  1.6  RDA_ISR
 Inline         2             @PSTRINGR_598
0     84  33    0     59  1.6  EXT_ISR
 Inline         2             @PSTRINGR_9600_62_63
0     36  14    0     67  1.6  MAIN
 Inline         0             @cinit1

Program metrics:
    Functions               3
    Statements              138
    Comments                265
    Volume (V)              273
    Difficulty (D)          3.9
    Effort to implement (E) 1075
    Time to implement (T)   1 minutes
    Est Delivered Bugs (B)  0
    Cyclomatic Complexity   1
    Maintainability (MI)    131

 Segment     Used  Free
-----------  ----  ----
00000-00003     4  0  
00004-00037    52  0  
00038-007FF   202  1790  
00800-00FFF     0  2048  
01000-017FF     0  2048  
01800-01FFF     0  2048  



