
ROM used:   3309/8192 (40%)
            3338/8192 (41%) including unused fragments

            0.9 Average locations per line
            4.4 Average locations per statement

RAM used:   96/368 (26%) at main() level
            133/368 (36%) worst case

Stack used: 4 worst case (4 in main + 0 for interrupts)
Stack size: 8

Lines Stmts  %   Files
----- ----- ---  -----
   72    24   3  Task3.c
  674     0   0  D:\Program\PICC\Devices\16f877a.h
  356    76  10  D:\Program\PICC\Drivers\HDM64GS12.c
  540   163  22  D:\Program\PICC\Drivers\graphics.c
 1351   359  48  D:\Program\PICC\Drivers\stdlib.h
   32     0   0  D:\Program\PICC\Drivers\stddef.h
  435   129  17  D:\Program\PICC\Drivers\string.h
   28     0   0  D:\Program\PICC\Drivers\ctype.h
----- -----
 3488   751 Total

Page ROM  %  RAM    Vol Diff  Functions:
---- --- --- ---    --- ----  ----------
0     23   1    1             @delay_ms1
0    181   5    1    555  3.4  glcd_init
0    130   4    7    779  7.2  glcd_pixel
 Inline         4    506  4.8  glcd_fillScreen
0     39   1    2             @MUL88
0     43   1    2    307  2.8  glcd_writeByte
0     47   1    2    318  2.8  glcd_readByte
0    262   8    0             @const620
0    224   7    0             @const624
0    188   6   17   1519  9.2  glcd_line
0    108   3   11   1071  6.1  glcd_rect
0    248   7   20   1655 12.4  glcd_text57
0     70   2    5    243  7.0  strcmp
0    119   4   13             @MULFF
0     33   1    2             @ITOF
1    326  10   16             @ADDFF
0    204   6   14             @DIVFF
1    671  20   45   1356  5.8  MAIN
0     15   0    1             @SPRINTF
 Inline         5             @FTOSD
0     81   2   13             @DIV3232
1    260   8   13             @PRINTF_L32D_970FPFPF
1     33   1    4             @SFTOI
 Inline         0             @cinit1

Program metrics:
    Functions               10
    Statements              751
    Comments                1236
    Volume (V)              12435
    Difficulty (D)          60.2
    Effort to implement (E) 748654
    Time to implement (T)   11 hours, 33 minutes
    Est Delivered Bugs (B)  3
    Cyclomatic Complexity   34
    Maintainability (MI)    13

 Segment     Used  Free
-----------  ----  ----
00000-00003     4  0  
00004-007FF  2015  29  
00800-00FFF  1290  758  
01000-017FF     0  2048  
01800-01FFF     0  2048  



