Classic Timing Analyzer report for bit4
Tue Jul 13 16:22:40 2021
Quartus II Version 9.1 Build 350 03/24/2010 Service Pack 2 SJ Web Edition


---------------------
; Table of Contents ;
---------------------
  1. Legal Notice
  2. Timing Analyzer Summary
  3. Timing Analyzer Settings
  4. Clock Settings Summary
  5. Parallel Compilation
  6. Clock Setup: 'clk'
  7. tsu
  8. tco
  9. th
 10. Timing Analyzer Messages



----------------
; Legal Notice ;
----------------
Copyright (C) 1991-2010 Altera Corporation
Your use of Altera Corporation's design tools, logic functions 
and other software and tools, and its AMPP partner logic 
functions, and any output files from any of the foregoing 
(including device programming or simulation files), and any 
associated documentation or information are expressly subject 
to the terms and conditions of the Altera Program License 
Subscription Agreement, Altera MegaCore Function License 
Agreement, or other applicable license agreement, including, 
without limitation, that your use is for the sole purpose of 
programming logic devices manufactured by Altera and sold by 
Altera or its authorized distributors.  Please refer to the 
applicable agreement for further details.



+-----------------------------------------------------------------------------------------------------------------------------------------------------------------------------------------+
; Timing Analyzer Summary                                                                                                                                                                 ;
+------------------------------+-------+---------------+------------------------------------------------+----------------+-------------------------+------------+----------+--------------+
; Type                         ; Slack ; Required Time ; Actual Time                                    ; From           ; To                      ; From Clock ; To Clock ; Failed Paths ;
+------------------------------+-------+---------------+------------------------------------------------+----------------+-------------------------+------------+----------+--------------+
; Worst-case tsu               ; N/A   ; None          ; 4.541 ns                                       ; Decr           ; output[2]~reg0DUPLICATE ; --         ; clk      ; 0            ;
; Worst-case tco               ; N/A   ; None          ; 6.618 ns                                       ; output[0]~reg0 ; output[0]               ; clk        ; --       ; 0            ;
; Worst-case th                ; N/A   ; None          ; -1.907 ns                                      ; CLR            ; output[0]~reg0DUPLICATE ; --         ; clk      ; 0            ;
; Clock Setup: 'clk'           ; N/A   ; None          ; Restricted to 500.00 MHz ( period = 2.000 ns ) ; output[0]~reg0 ; output[2]~reg0DUPLICATE ; clk        ; clk      ; 0            ;
; Total number of failed paths ;       ;               ;                                                ;                ;                         ;            ;          ; 0            ;
+------------------------------+-------+---------------+------------------------------------------------+----------------+-------------------------+------------+----------+--------------+


+-----------------------------------------------------------------------------------------------------------------------------------------------------+
; Timing Analyzer Settings                                                                                                                            ;
+------------------------------------------------------------------------------------------------------+--------------------+------+----+-------------+
; Option                                                                                               ; Setting            ; From ; To ; Entity Name ;
+------------------------------------------------------------------------------------------------------+--------------------+------+----+-------------+
; Device Name                                                                                          ; EP2S15F484C3       ;      ;    ;             ;
; Timing Models                                                                                        ; Final              ;      ;    ;             ;
; Default hold multicycle                                                                              ; Same as Multicycle ;      ;    ;             ;
; Cut paths between unrelated clock domains                                                            ; On                 ;      ;    ;             ;
; Cut off read during write signal paths                                                               ; On                 ;      ;    ;             ;
; Cut off feedback from I/O pins                                                                       ; On                 ;      ;    ;             ;
; Report Combined Fast/Slow Timing                                                                     ; Off                ;      ;    ;             ;
; Ignore Clock Settings                                                                                ; Off                ;      ;    ;             ;
; Analyze latches as synchronous elements                                                              ; On                 ;      ;    ;             ;
; Enable Recovery/Removal analysis                                                                     ; Off                ;      ;    ;             ;
; Enable Clock Latency                                                                                 ; Off                ;      ;    ;             ;
; Use TimeQuest Timing Analyzer                                                                        ; Off                ;      ;    ;             ;
; Number of source nodes to report per destination node                                                ; 10                 ;      ;    ;             ;
; Number of destination nodes to report                                                                ; 10                 ;      ;    ;             ;
; Number of paths to report                                                                            ; 200                ;      ;    ;             ;
; Report Minimum Timing Checks                                                                         ; Off                ;      ;    ;             ;
; Use Fast Timing Models                                                                               ; Off                ;      ;    ;             ;
; Report IO Paths Separately                                                                           ; Off                ;      ;    ;             ;
; Perform Multicorner Analysis                                                                         ; On                 ;      ;    ;             ;
; Reports the worst-case path for each clock domain and analysis                                       ; Off                ;      ;    ;             ;
; Reports worst-case timing paths for each clock domain and analysis                                   ; Off                ;      ;    ;             ;
; Specifies the maximum number of worst-case timing paths to report for each clock domain and analysis ; 100                ;      ;    ;             ;
; Removes common clock path pessimism (CCPP) during slack computation                                  ; Off                ;      ;    ;             ;
; Output I/O Timing Endpoint                                                                           ; Near End           ;      ;    ;             ;
+------------------------------------------------------------------------------------------------------+--------------------+------+----+-------------+


+------------------------------------------------------------------------------------------------------------------------------------------------------------------------------------+
; Clock Settings Summary                                                                                                                                                             ;
+-----------------+--------------------+----------+------------------+---------------+--------------+----------+-----------------------+---------------------+--------+--------------+
; Clock Node Name ; Clock Setting Name ; Type     ; Fmax Requirement ; Early Latency ; Late Latency ; Based on ; Multiply Base Fmax by ; Divide Base Fmax by ; Offset ; Phase offset ;
+-----------------+--------------------+----------+------------------+---------------+--------------+----------+-----------------------+---------------------+--------+--------------+
; clk             ;                    ; User Pin ; None             ; 0.000 ns      ; 0.000 ns     ; --       ; N/A                   ; N/A                 ; N/A    ;              ;
+-----------------+--------------------+----------+------------------+---------------+--------------+----------+-----------------------+---------------------+--------+--------------+


Parallel compilation was disabled, but you have multiple processors available. Enable parallel compilation to reduce compilation time.
+-------------------------------------+
; Parallel Compilation                ;
+----------------------------+--------+
; Processors                 ; Number ;
+----------------------------+--------+
; Number detected on machine ; 4      ;
; Maximum allowed            ; 1      ;
+----------------------------+--------+


+------------------------------------------------------------------------------------------------------------------------------------------------------------------------------------------------------------------------+
; Clock Setup: 'clk'                                                                                                                                                                                                     ;
+-------+------------------------------------------------+-------------------------+-------------------------+------------+----------+-----------------------------+---------------------------+-------------------------+
; Slack ; Actual fmax (period)                           ; From                    ; To                      ; From Clock ; To Clock ; Required Setup Relationship ; Required Longest P2P Time ; Actual Longest P2P Time ;
+-------+------------------------------------------------+-------------------------+-------------------------+------------+----------+-----------------------------+---------------------------+-------------------------+
; N/A   ; Restricted to 500.00 MHz ( period = 2.000 ns ) ; output[0]~reg0          ; output[2]~reg0          ; clk        ; clk      ; None                        ; None                      ; 0.686 ns                ;
; N/A   ; Restricted to 500.00 MHz ( period = 2.000 ns ) ; output[0]~reg0          ; output[2]~reg0DUPLICATE ; clk        ; clk      ; None                        ; None                      ; 0.686 ns                ;
; N/A   ; Restricted to 500.00 MHz ( period = 2.000 ns ) ; output[0]~reg0DUPLICATE ; output[3]~reg0          ; clk        ; clk      ; None                        ; None                      ; 0.670 ns                ;
; N/A   ; Restricted to 500.00 MHz ( period = 2.000 ns ) ; output[2]~reg0          ; output[3]~reg0          ; clk        ; clk      ; None                        ; None                      ; 0.667 ns                ;
; N/A   ; Restricted to 500.00 MHz ( period = 2.000 ns ) ; output[1]~reg0          ; output[1]~reg0          ; clk        ; clk      ; None                        ; None                      ; 0.488 ns                ;
; N/A   ; Restricted to 500.00 MHz ( period = 2.000 ns ) ; output[1]~reg0          ; output[3]~reg0          ; clk        ; clk      ; None                        ; None                      ; 0.436 ns                ;
; N/A   ; Restricted to 500.00 MHz ( period = 2.000 ns ) ; output[0]~reg0          ; output[1]~reg0          ; clk        ; clk      ; None                        ; None                      ; 0.434 ns                ;
; N/A   ; Restricted to 500.00 MHz ( period = 2.000 ns ) ; output[1]~reg0          ; output[2]~reg0          ; clk        ; clk      ; None                        ; None                      ; 0.434 ns                ;
; N/A   ; Restricted to 500.00 MHz ( period = 2.000 ns ) ; output[1]~reg0          ; output[2]~reg0DUPLICATE ; clk        ; clk      ; None                        ; None                      ; 0.433 ns                ;
; N/A   ; Restricted to 500.00 MHz ( period = 2.000 ns ) ; output[0]~reg0          ; output[0]~reg0          ; clk        ; clk      ; None                        ; None                      ; 0.396 ns                ;
; N/A   ; Restricted to 500.00 MHz ( period = 2.000 ns ) ; output[2]~reg0          ; output[2]~reg0          ; clk        ; clk      ; None                        ; None                      ; 0.396 ns                ;
; N/A   ; Restricted to 500.00 MHz ( period = 2.000 ns ) ; output[3]~reg0          ; output[3]~reg0          ; clk        ; clk      ; None                        ; None                      ; 0.396 ns                ;
; N/A   ; Restricted to 500.00 MHz ( period = 2.000 ns ) ; output[0]~reg0DUPLICATE ; output[0]~reg0DUPLICATE ; clk        ; clk      ; None                        ; None                      ; 0.396 ns                ;
; N/A   ; Restricted to 500.00 MHz ( period = 2.000 ns ) ; output[2]~reg0DUPLICATE ; output[2]~reg0DUPLICATE ; clk        ; clk      ; None                        ; None                      ; 0.396 ns                ;
+-------+------------------------------------------------+-------------------------+-------------------------+------------+----------+-----------------------------+---------------------------+-------------------------+


+-------------------------------------------------------------------------------+
; tsu                                                                           ;
+-------+--------------+------------+------+-------------------------+----------+
; Slack ; Required tsu ; Actual tsu ; From ; To                      ; To Clock ;
+-------+--------------+------------+------+-------------------------+----------+
; N/A   ; None         ; 4.541 ns   ; Decr ; output[0]~reg0          ; clk      ;
; N/A   ; None         ; 4.541 ns   ; Decr ; output[1]~reg0          ; clk      ;
; N/A   ; None         ; 4.541 ns   ; Decr ; output[2]~reg0          ; clk      ;
; N/A   ; None         ; 4.541 ns   ; Decr ; output[3]~reg0          ; clk      ;
; N/A   ; None         ; 4.541 ns   ; Decr ; output[0]~reg0DUPLICATE ; clk      ;
; N/A   ; None         ; 4.541 ns   ; Decr ; output[2]~reg0DUPLICATE ; clk      ;
; N/A   ; None         ; 3.302 ns   ; CLR  ; output[0]~reg0          ; clk      ;
; N/A   ; None         ; 3.302 ns   ; CLR  ; output[1]~reg0          ; clk      ;
; N/A   ; None         ; 3.302 ns   ; CLR  ; output[2]~reg0          ; clk      ;
; N/A   ; None         ; 3.302 ns   ; CLR  ; output[3]~reg0          ; clk      ;
; N/A   ; None         ; 3.302 ns   ; CLR  ; output[0]~reg0DUPLICATE ; clk      ;
; N/A   ; None         ; 3.302 ns   ; CLR  ; output[2]~reg0DUPLICATE ; clk      ;
+-------+--------------+------------+------+-------------------------+----------+


+--------------------------------------------------------------------------------------+
; tco                                                                                  ;
+-------+--------------+------------+-------------------------+-----------+------------+
; Slack ; Required tco ; Actual tco ; From                    ; To        ; From Clock ;
+-------+--------------+------------+-------------------------+-----------+------------+
; N/A   ; None         ; 6.618 ns   ; output[0]~reg0          ; output[0] ; clk        ;
; N/A   ; None         ; 6.285 ns   ; output[3]~reg0          ; output[3] ; clk        ;
; N/A   ; None         ; 5.732 ns   ; output[1]~reg0          ; output[1] ; clk        ;
; N/A   ; None         ; 5.315 ns   ; output[2]~reg0DUPLICATE ; output[2] ; clk        ;
+-------+--------------+------------+-------------------------+-----------+------------+


+-------------------------------------------------------------------------------------+
; th                                                                                  ;
+---------------+-------------+-----------+------+-------------------------+----------+
; Minimum Slack ; Required th ; Actual th ; From ; To                      ; To Clock ;
+---------------+-------------+-----------+------+-------------------------+----------+
; N/A           ; None        ; -1.907 ns ; CLR  ; output[0]~reg0          ; clk      ;
; N/A           ; None        ; -1.907 ns ; CLR  ; output[0]~reg0DUPLICATE ; clk      ;
; N/A           ; None        ; -2.256 ns ; CLR  ; output[1]~reg0          ; clk      ;
; N/A           ; None        ; -2.266 ns ; CLR  ; output[2]~reg0          ; clk      ;
; N/A           ; None        ; -2.266 ns ; CLR  ; output[3]~reg0          ; clk      ;
; N/A           ; None        ; -2.266 ns ; CLR  ; output[2]~reg0DUPLICATE ; clk      ;
; N/A           ; None        ; -4.302 ns ; Decr ; output[0]~reg0          ; clk      ;
; N/A           ; None        ; -4.302 ns ; Decr ; output[1]~reg0          ; clk      ;
; N/A           ; None        ; -4.302 ns ; Decr ; output[2]~reg0          ; clk      ;
; N/A           ; None        ; -4.302 ns ; Decr ; output[3]~reg0          ; clk      ;
; N/A           ; None        ; -4.302 ns ; Decr ; output[0]~reg0DUPLICATE ; clk      ;
; N/A           ; None        ; -4.302 ns ; Decr ; output[2]~reg0DUPLICATE ; clk      ;
+---------------+-------------+-----------+------+-------------------------+----------+


+--------------------------+
; Timing Analyzer Messages ;
+--------------------------+
Info: *******************************************************************
Info: Running Quartus II Classic Timing Analyzer
    Info: Version 9.1 Build 350 03/24/2010 Service Pack 2 SJ Web Edition
    Info: Processing started: Tue Jul 13 16:22:40 2021
Info: Command: quartus_tan --read_settings_files=off --write_settings_files=off bit4 -c bit4 --timing_analysis_only
Warning: Found pins functioning as undefined clocks and/or memory enables
    Info: Assuming node "clk" is an undefined clock
Info: Clock "clk" Internal fmax is restricted to 500.0 MHz between source register "output[0]~reg0" and destination register "output[2]~reg0"
    Info: fmax restricted to clock pin edge rate 2.0 ns. Expand message to see actual delay path.
        Info: + Longest register to register delay is 0.686 ns
            Info: 1: + IC(0.000 ns) + CELL(0.000 ns) = 0.000 ns; Loc. = LCFF_X39_Y16_N1; Fanout = 5; REG Node = 'output[0]~reg0'
            Info: 2: + IC(0.259 ns) + CELL(0.272 ns) = 0.531 ns; Loc. = LCCOMB_X39_Y16_N24; Fanout = 1; COMB Node = 'output~3'
            Info: 3: + IC(0.000 ns) + CELL(0.155 ns) = 0.686 ns; Loc. = LCFF_X39_Y16_N25; Fanout = 2; REG Node = 'output[2]~reg0'
            Info: Total cell delay = 0.427 ns ( 62.24 % )
            Info: Total interconnect delay = 0.259 ns ( 37.76 % )
        Info: - Smallest clock skew is 0.000 ns
            Info: + Shortest clock path from clock "clk" to destination register is 2.487 ns
                Info: 1: + IC(0.000 ns) + CELL(0.854 ns) = 0.854 ns; Loc. = PIN_N20; Fanout = 1; CLK Node = 'clk'
                Info: 2: + IC(0.343 ns) + CELL(0.000 ns) = 1.197 ns; Loc. = CLKCTRL_G3; Fanout = 6; COMB Node = 'clk~clkctrl'
                Info: 3: + IC(0.672 ns) + CELL(0.618 ns) = 2.487 ns; Loc. = LCFF_X39_Y16_N25; Fanout = 2; REG Node = 'output[2]~reg0'
                Info: Total cell delay = 1.472 ns ( 59.19 % )
                Info: Total interconnect delay = 1.015 ns ( 40.81 % )
            Info: - Longest clock path from clock "clk" to source register is 2.487 ns
                Info: 1: + IC(0.000 ns) + CELL(0.854 ns) = 0.854 ns; Loc. = PIN_N20; Fanout = 1; CLK Node = 'clk'
                Info: 2: + IC(0.343 ns) + CELL(0.000 ns) = 1.197 ns; Loc. = CLKCTRL_G3; Fanout = 6; COMB Node = 'clk~clkctrl'
                Info: 3: + IC(0.672 ns) + CELL(0.618 ns) = 2.487 ns; Loc. = LCFF_X39_Y16_N1; Fanout = 5; REG Node = 'output[0]~reg0'
                Info: Total cell delay = 1.472 ns ( 59.19 % )
                Info: Total interconnect delay = 1.015 ns ( 40.81 % )
        Info: + Micro clock to output delay of source is 0.094 ns
        Info: + Micro setup delay of destination is 0.090 ns
Info: tsu for register "output[0]~reg0" (data pin = "Decr", clock pin = "clk") is 4.541 ns
    Info: + Longest pin to register delay is 6.938 ns
        Info: 1: + IC(0.000 ns) + CELL(0.864 ns) = 0.864 ns; Loc. = PIN_N21; Fanout = 1; PIN Node = 'Decr'
        Info: 2: + IC(4.884 ns) + CELL(0.228 ns) = 5.976 ns; Loc. = LCCOMB_X39_Y16_N22; Fanout = 6; COMB Node = 'output[0]~1'
        Info: 3: + IC(0.216 ns) + CELL(0.746 ns) = 6.938 ns; Loc. = LCFF_X39_Y16_N1; Fanout = 5; REG Node = 'output[0]~reg0'
        Info: Total cell delay = 1.838 ns ( 26.49 % )
        Info: Total interconnect delay = 5.100 ns ( 73.51 % )
    Info: + Micro setup delay of destination is 0.090 ns
    Info: - Shortest clock path from clock "clk" to destination register is 2.487 ns
        Info: 1: + IC(0.000 ns) + CELL(0.854 ns) = 0.854 ns; Loc. = PIN_N20; Fanout = 1; CLK Node = 'clk'
        Info: 2: + IC(0.343 ns) + CELL(0.000 ns) = 1.197 ns; Loc. = CLKCTRL_G3; Fanout = 6; COMB Node = 'clk~clkctrl'
        Info: 3: + IC(0.672 ns) + CELL(0.618 ns) = 2.487 ns; Loc. = LCFF_X39_Y16_N1; Fanout = 5; REG Node = 'output[0]~reg0'
        Info: Total cell delay = 1.472 ns ( 59.19 % )
        Info: Total interconnect delay = 1.015 ns ( 40.81 % )
Info: tco from clock "clk" to destination pin "output[0]" through register "output[0]~reg0" is 6.618 ns
    Info: + Longest clock path from clock "clk" to source register is 2.487 ns
        Info: 1: + IC(0.000 ns) + CELL(0.854 ns) = 0.854 ns; Loc. = PIN_N20; Fanout = 1; CLK Node = 'clk'
        Info: 2: + IC(0.343 ns) + CELL(0.000 ns) = 1.197 ns; Loc. = CLKCTRL_G3; Fanout = 6; COMB Node = 'clk~clkctrl'
        Info: 3: + IC(0.672 ns) + CELL(0.618 ns) = 2.487 ns; Loc. = LCFF_X39_Y16_N1; Fanout = 5; REG Node = 'output[0]~reg0'
        Info: Total cell delay = 1.472 ns ( 59.19 % )
        Info: Total interconnect delay = 1.015 ns ( 40.81 % )
    Info: + Micro clock to output delay of source is 0.094 ns
    Info: + Longest register to pin delay is 4.037 ns
        Info: 1: + IC(0.000 ns) + CELL(0.000 ns) = 0.000 ns; Loc. = LCFF_X39_Y16_N1; Fanout = 5; REG Node = 'output[0]~reg0'
        Info: 2: + IC(1.903 ns) + CELL(2.134 ns) = 4.037 ns; Loc. = PIN_J19; Fanout = 0; PIN Node = 'output[0]'
        Info: Total cell delay = 2.134 ns ( 52.86 % )
        Info: Total interconnect delay = 1.903 ns ( 47.14 % )
Info: th for register "output[0]~reg0" (data pin = "CLR", clock pin = "clk") is -1.907 ns
    Info: + Longest clock path from clock "clk" to destination register is 2.487 ns
        Info: 1: + IC(0.000 ns) + CELL(0.854 ns) = 0.854 ns; Loc. = PIN_N20; Fanout = 1; CLK Node = 'clk'
        Info: 2: + IC(0.343 ns) + CELL(0.000 ns) = 1.197 ns; Loc. = CLKCTRL_G3; Fanout = 6; COMB Node = 'clk~clkctrl'
        Info: 3: + IC(0.672 ns) + CELL(0.618 ns) = 2.487 ns; Loc. = LCFF_X39_Y16_N1; Fanout = 5; REG Node = 'output[0]~reg0'
        Info: Total cell delay = 1.472 ns ( 59.19 % )
        Info: Total interconnect delay = 1.015 ns ( 40.81 % )
    Info: + Micro hold delay of destination is 0.149 ns
    Info: - Shortest pin to register delay is 4.543 ns
        Info: 1: + IC(0.000 ns) + CELL(0.864 ns) = 0.864 ns; Loc. = PIN_L2; Fanout = 7; PIN Node = 'CLR'
        Info: 2: + IC(3.471 ns) + CELL(0.053 ns) = 4.388 ns; Loc. = LCCOMB_X39_Y16_N0; Fanout = 1; COMB Node = 'output~0'
        Info: 3: + IC(0.000 ns) + CELL(0.155 ns) = 4.543 ns; Loc. = LCFF_X39_Y16_N1; Fanout = 5; REG Node = 'output[0]~reg0'
        Info: Total cell delay = 1.072 ns ( 23.60 % )
        Info: Total interconnect delay = 3.471 ns ( 76.40 % )
Info: Quartus II Classic Timing Analyzer was successful. 0 errors, 1 warning
    Info: Peak virtual memory: 172 megabytes
    Info: Processing ended: Tue Jul 13 16:22:40 2021
    Info: Elapsed time: 00:00:00
    Info: Total CPU time (on all processors): 00:00:00


